<?xml version="1.0" encoding="UTF-8"?>
<testng-results skipped="0" failed="1" ignored="0" total="2" passed="1">
  <reporter-output>
    <line>
      <![CDATA[STEP1]]>
    </line>
    <line>
      <![CDATA[STEP2]]>
    </line>
  </reporter-output>
  <suite name="Default suite" duration-ms="12150" started-at="2017-11-22T05:06:51Z" finished-at="2017-11-22T05:07:03Z">
    <groups>
    </groups>
    <test name="Default test" duration-ms="12150" started-at="2017-11-22T05:06:51Z" finished-at="2017-11-22T05:07:03Z">
      <class name="com.Test.ConFusion.JobListingTest">
        <test-method status="PASS" signature="Browser()[pri:0, instance:com.Test.ConFusion.JobListingTest@4dfa3a9d]" name="Browser" is-config="true" duration-ms="11788" started-at="2017-11-22T10:36:39Z" finished-at="2017-11-22T10:36:51Z">
          <reporter-output>
          </reporter-output>
        </test-method> <!-- Browser -->
        <test-method status="FAIL" signature="EditjobDetails()[pri:0, instance:com.Test.ConFusion.JobListingTest@4dfa3a9d]" name="EditjobDetails" duration-ms="351" started-at="2017-11-22T10:36:51Z" finished-at="2017-11-22T10:36:51Z">
          <exception class="org.openqa.selenium.NoSuchElementException">
            <message>
              <![CDATA[Unable to locate element: /html/body/app-root/app-joblisting/div/div[2]/basic-example-data/ng2-smart-table/table/tbody/tr[1]/td[1]/ng2-st-tbody-edit-delete/a[1]
For documentation on this error, please visit: http://seleniumhq.org/exceptions/no_such_element.html
Build info: version: '3.4.0', revision: 'unknown', time: 'unknown'
System info: host: 'GOD09761', ip: '10.244.32.110', os.name: 'Windows 7', os.arch: 'amd64', os.version: '6.1', java.version: '1.8.0_151'
Driver info: org.openqa.selenium.firefox.FirefoxDriver
Capabilities [{moz:profile=C:\Users\raushni_khan\AppData\Local\Temp\rust_mozprofile.l8rpQ2VIYbZS, rotatable=false, timeouts={implicit=0.0, pageLoad=300000.0, script=30000.0}, pageLoadStrategy=normal, moz:headless=false, platform=ANY, specificationLevel=0.0, moz:accessibilityChecks=false, acceptInsecureCerts=true, browserVersion=56.0.2, platformVersion=6.1, moz:processID=6952.0, browserName=firefox, javascriptEnabled=true, platformName=windows_nt}]
Session ID: 9543fd77-aeac-432f-8ccf-5dc23f0f7106
*** Element info: {Using=xpath, value=/html/body/app-root/app-joblisting/div/div[2]/basic-example-data/ng2-smart-table/table/tbody/tr[1]/td[1]/ng2-st-tbody-edit-delete/a[1]}]]>
            </message>
            <full-stacktrace>
              <![CDATA[org.openqa.selenium.NoSuchElementException: Unable to locate element: /html/body/app-root/app-joblisting/div/div[2]/basic-example-data/ng2-smart-table/table/tbody/tr[1]/td[1]/ng2-st-tbody-edit-delete/a[1]
For documentation on this error, please visit: http://seleniumhq.org/exceptions/no_such_element.html
Build info: version: '3.4.0', revision: 'unknown', time: 'unknown'
System info: host: 'GOD09761', ip: '10.244.32.110', os.name: 'Windows 7', os.arch: 'amd64', os.version: '6.1', java.version: '1.8.0_151'
Driver info: org.openqa.selenium.firefox.FirefoxDriver
Capabilities [{moz:profile=C:\Users\raushni_khan\AppData\Local\Temp\rust_mozprofile.l8rpQ2VIYbZS, rotatable=false, timeouts={implicit=0.0, pageLoad=300000.0, script=30000.0}, pageLoadStrategy=normal, moz:headless=false, platform=ANY, specificationLevel=0.0, moz:accessibilityChecks=false, acceptInsecureCerts=true, browserVersion=56.0.2, platformVersion=6.1, moz:processID=6952.0, browserName=firefox, javascriptEnabled=true, platformName=windows_nt}]
Session ID: 9543fd77-aeac-432f-8ccf-5dc23f0f7106
*** Element info: {Using=xpath, value=/html/body/app-root/app-joblisting/div/div[2]/basic-example-data/ng2-smart-table/table/tbody/tr[1]/td[1]/ng2-st-tbody-edit-delete/a[1]}
	at sun.reflect.NativeConstructorAccessorImpl.newInstance0(Native Method)
	at sun.reflect.NativeConstructorAccessorImpl.newInstance(Unknown Source)
	at sun.reflect.DelegatingConstructorAccessorImpl.newInstance(Unknown Source)
	at java.lang.reflect.Constructor.newInstance(Unknown Source)
	at org.openqa.selenium.remote.http.W3CHttpResponseCodec.createException(W3CHttpResponseCodec.java:150)
	at org.openqa.selenium.remote.http.W3CHttpResponseCodec.decode(W3CHttpResponseCodec.java:115)
	at org.openqa.selenium.remote.http.W3CHttpResponseCodec.decode(W3CHttpResponseCodec.java:45)
	at org.openqa.selenium.remote.HttpCommandExecutor.execute(HttpCommandExecutor.java:164)
	at org.openqa.selenium.remote.service.DriverCommandExecutor.execute(DriverCommandExecutor.java:82)
	at org.openqa.selenium.remote.RemoteWebDriver.execute(RemoteWebDriver.java:637)
	at org.openqa.selenium.remote.RemoteWebDriver.findElement(RemoteWebDriver.java:410)
	at org.openqa.selenium.remote.RemoteWebDriver.findElementByXPath(RemoteWebDriver.java:509)
	at org.openqa.selenium.By$ByXPath.findElement(By.java:361)
	at org.openqa.selenium.remote.RemoteWebDriver.findElement(RemoteWebDriver.java:402)
	at com.PageObject.ConFusion.JobListing.Edit(JobListing.java:63)
	at com.Test.ConFusion.JobListingTest.EditjobDetails(JobListingTest.java:75)
	at sun.reflect.NativeMethodAccessorImpl.invoke0(Native Method)
	at sun.reflect.NativeMethodAccessorImpl.invoke(Unknown Source)
	at sun.reflect.DelegatingMethodAccessorImpl.invoke(Unknown Source)
	at java.lang.reflect.Method.invoke(Unknown Source)
	at org.testng.internal.MethodInvocationHelper.invokeMethod(MethodInvocationHelper.java:108)
	at org.testng.internal.Invoker.invokeMethod(Invoker.java:669)
	at org.testng.internal.Invoker.invokeTestMethod(Invoker.java:877)
	at org.testng.internal.Invoker.invokeTestMethods(Invoker.java:1201)
	at org.testng.internal.TestMethodWorker.invokeTestMethods(TestMethodWorker.java:125)
	at org.testng.internal.TestMethodWorker.run(TestMethodWorker.java:109)
	at org.testng.TestRunner.privateRun(TestRunner.java:776)
	at org.testng.TestRunner.run(TestRunner.java:634)
	at org.testng.SuiteRunner.runTest(SuiteRunner.java:425)
	at org.testng.SuiteRunner.runSequentially(SuiteRunner.java:420)
	at org.testng.SuiteRunner.privateRun(SuiteRunner.java:385)
	at org.testng.SuiteRunner.run(SuiteRunner.java:334)
	at org.testng.SuiteRunnerWorker.runSuite(SuiteRunnerWorker.java:52)
	at org.testng.SuiteRunnerWorker.run(SuiteRunnerWorker.java:86)
	at org.testng.TestNG.runSuitesSequentially(TestNG.java:1318)
	at org.testng.TestNG.runSuitesLocally(TestNG.java:1243)
	at org.testng.TestNG.runSuites(TestNG.java:1161)
	at org.testng.TestNG.run(TestNG.java:1129)
	at org.testng.remote.AbstractRemoteTestNG.run(AbstractRemoteTestNG.java:114)
	at org.testng.remote.RemoteTestNG.initAndRun(RemoteTestNG.java:251)
	at org.testng.remote.RemoteTestNG.main(RemoteTestNG.java:77)
]]>
            </full-stacktrace>
          </exception> <!-- org.openqa.selenium.NoSuchElementException -->
          <reporter-output>
            <line>
              <![CDATA[STEP1]]>
            </line>
          </reporter-output>
        </test-method> <!-- EditjobDetails -->
        <test-method status="PASS" signature="createjobwithValidDetails()[pri:0, instance:com.Test.ConFusion.JobListingTest@4dfa3a9d]" name="createjobwithValidDetails" duration-ms="11779" started-at="2017-11-22T10:36:51Z" finished-at="2017-11-22T10:37:03Z">
          <reporter-output>
            <line>
              <![CDATA[STEP2]]>
            </line>
          </reporter-output>
        </test-method> <!-- createjobwithValidDetails -->
        <test-method status="PASS" signature="terminateBrowser()[pri:0, instance:com.Test.ConFusion.JobListingTest@4dfa3a9d]" name="terminateBrowser" is-config="true" duration-ms="559" started-at="2017-11-22T10:37:03Z" finished-at="2017-11-22T10:37:04Z">
          <reporter-output>
          </reporter-output>
        </test-method> <!-- terminateBrowser -->
      </class> <!-- com.Test.ConFusion.JobListingTest -->
    </test> <!-- Default test -->
  </suite> <!-- Default suite -->
</testng-results>
